<?xml version="1.0" encoding="UTF-8"?>
<testng-results skipped="0" failed="0" ignored="0" total="1" passed="1">
  <reporter-output>
  </reporter-output>
  <suite name="Default suite" duration-ms="29142" started-at="2019-11-13T12:09:52 IST" finished-at="2019-11-13T12:10:21 IST">
    <groups>
    </groups>
    <test name="Default test" duration-ms="29142" started-at="2019-11-13T12:09:52 IST" finished-at="2019-11-13T12:10:21 IST">
      <class name="Flipkart.flipkart">
        <test-method status="PASS" signature="login()[pri:0, instance:Flipkart.flipkart@6f1fba17]" name="login" duration-ms="29102" started-at="2019-11-13T12:09:52 IST" finished-at="2019-11-13T12:10:21 IST">
          <reporter-output>
          </reporter-output>
        </test-method> <!-- login -->
      </class> <!-- Flipkart.flipkart -->
    </test> <!-- Default test -->
  </suite> <!-- Default suite -->
</testng-results>
